********************************************************************************
DUPLICATOR-LITE PACKAGE-LOG: 17 August 2020 11:58
NOTICE: Do NOT post to public sites or forums 
********************************************************************************
VERSION:	1.3.36
WORDPRESS:	5.5
PHP INFO:	7.2.18 | SAPI: apache2handler
SERVER:		Apache/2.4.39 (Win64) PHP/7.2.18 
PHP TIME LIMIT: (0) no time limit imposed 
PHP MAX MEMORY: 4294967296 (128M default) 
MEMORY STACK: 4MB

********************************************************************************
DATABASE:
********************************************************************************
BUILD MODE:   PHP(query limit - 100)
MYSQLTIMEOUT: 5000
MYSQLDUMP:    Not Supported
TABLES: total:13 | filtered:0 | create:13
FILTERED: []
SQL CREATED: 20200717_diax_465c49f733e61a753934_20200817115807_database.sql
SQL FILE SIZE: 656.74KB (672506)
SQL FILE TIME: 2020-08-17 11:58:26
SQL RUNTIME: 1.16 sec.

********************************************************************************
ARCHIVE (ZIP):
********************************************************************************
ARCHIVE DIR:  C:/wamp64/www/diax
ARCHIVE FILE: 20200717_diax_465c49f733e61a753934_20200817115807_archive.zip
FILTERS: *OFF*
DIRS:
	not set
FILES:
	not set
EXTS:  not set
----------------------------------------
COMPRESSING
SIZE:	92.92MB
STATS:	Dirs 809 | Files 7,896
SQL ADDED: 20200717_diax_465c49f733e61a753934_20200817115807_database.sql
ZipArchive Object
(
    [status] => 0
    [statusSys] => 0
    [numFiles] => 8705
    [filename] => C:\wamp64\www\diax\wp-content\backups-dup-lite\tmp\20200717_diax_465c49f733e61a753934_20200817115807_archive.zip
    [comment] => 
)

FILE ADDED TO ZIP: 8704
COMPRESSION RESULT: '1'
COMPRESSED SIZE: 49.03MB
ARCHIVE RUNTIME: 24.10 sec.
MEMORY STACK: 6MB
building installer
add_extra_files1
add_extra_files2
add_extra_files3
add_extra_files4
Doing archive file check
add_extra_files5
add_extra_files6
add_extra_files8
Successfully opened zip C:/wamp64/www/diax/wp-content/backups-dup-lite/tmp/20200717_diax_465c49f733e61a753934_20200817115807_archive.zip
Adding enhanced installer files to archive using ZipArchive
Installer files added to archive
Added to archive
After ziparchive close when adding installer

********************************************************************************
INTEGRITY CHECKS:
********************************************************************************
SQL FILE: 656.74KB
INSTALLER FILE: 61.31KB
ARCHIVE FILE: 50.62MB 
EXPECTED FILE/DIRECTORY COUNT: 8,705
ACTUAL FILE/DIRECTORY COUNT: 8,704
ARCHIVE CONSISTENCY TEST: Pass

********************************************************************************
RECORD ID:[3]
TOTAL PROCESS RUNTIME: 26.89 sec.
PEAK PHP MEMORY USED: 8MB
DONE PROCESSING => 20200717_diax 17 August 2020 11:58

